<?xml version="1.0" encoding="UTF-8"?>
<coverage generated="1780922497692" clover="3.2.0">
  <project timestamp="1780922497692" name="All files">
    <metrics statements="154" coveredstatements="88" conditionals="76" coveredconditionals="59" methods="45" coveredmethods="19" elements="275" coveredelements="166" complexity="0" loc="154" ncloc="154" packages="2" files="5" classes="5"/>
    <package name="srv">
      <metrics statements="107" coveredstatements="42" conditionals="18" coveredconditionals="2" methods="32" coveredmethods="6"/>
      <file name="CDSService.js" path="D:\Documents\Corporate Trainings\June 2026\typescript_training_capm\Day 2\sample_mycapapp\srv\CDSService.js">
        <metrics statements="32" coveredstatements="12" conditionals="10" coveredconditionals="0" methods="9" coveredmethods="1"/>
        <line num="1" count="1" type="stmt"/>
        <line num="2" count="1" type="stmt"/>
        <line num="3" count="1" type="stmt"/>
        <line num="5" count="1" type="stmt"/>
        <line num="7" count="1" type="stmt"/>
        <line num="9" count="1" type="stmt"/>
        <line num="10" count="0" type="stmt"/>
        <line num="22" count="1" type="stmt"/>
        <line num="23" count="0" type="cond" truecount="0" falsecount="4"/>
        <line num="24" count="0" type="cond" truecount="0" falsecount="2"/>
        <line num="25" count="0" type="stmt"/>
        <line num="27" count="0" type="cond" truecount="0" falsecount="2"/>
        <line num="28" count="0" type="stmt"/>
        <line num="30" count="0" type="stmt"/>
        <line num="33" count="1" type="stmt"/>
        <line num="35" count="0" type="stmt"/>
        <line num="36" count="0" type="stmt"/>
        <line num="38" count="0" type="stmt"/>
        <line num="40" count="0" type="stmt"/>
        <line num="45" count="0" type="stmt"/>
        <line num="46" count="0" type="stmt"/>
        <line num="47" count="0" type="cond" truecount="0" falsecount="2"/>
        <line num="52" count="1" type="stmt"/>
        <line num="53" count="0" type="stmt"/>
        <line num="55" count="1" type="stmt"/>
        <line num="56" count="0" type="stmt"/>
        <line num="60" count="1" type="stmt"/>
        <line num="61" count="0" type="stmt"/>
        <line num="62" count="0" type="stmt"/>
        <line num="63" count="0" type="stmt"/>
        <line num="64" count="0" type="stmt"/>
        <line num="67" count="1" type="stmt"/>
      </file>
      <file name="CatalogService.js" path="D:\Documents\Corporate Trainings\June 2026\typescript_training_capm\Day 2\sample_mycapapp\srv\CatalogService.js">
        <metrics statements="36" coveredstatements="22" conditionals="2" coveredconditionals="2" methods="11" coveredmethods="4"/>
        <line num="1" count="1" type="stmt"/>
        <line num="3" count="1" type="stmt"/>
        <line num="5" count="1" type="stmt"/>
        <line num="7" count="1" type="stmt"/>
        <line num="8" count="2" type="stmt"/>
        <line num="9" count="2" type="cond" truecount="2" falsecount="0"/>
        <line num="10" count="1" type="stmt"/>
        <line num="13" count="1" type="stmt"/>
        <line num="14" count="0" type="stmt"/>
        <line num="16" count="1" type="stmt"/>
        <line num="17" count="0" type="stmt"/>
        <line num="19" count="1" type="stmt"/>
        <line num="20" count="2" type="stmt"/>
        <line num="22" count="1" type="stmt"/>
        <line num="23" count="0" type="stmt"/>
        <line num="25" count="1" type="stmt"/>
        <line num="26" count="0" type="stmt"/>
        <line num="29" count="1" type="stmt"/>
        <line num="30" count="0" type="stmt"/>
        <line num="31" count="0" type="stmt"/>
        <line num="32" count="0" type="stmt"/>
        <line num="33" count="0" type="stmt"/>
        <line num="35" count="0" type="stmt"/>
        <line num="40" count="0" type="stmt"/>
        <line num="44" count="1" type="stmt"/>
        <line num="45" count="2" type="stmt"/>
        <line num="47" count="2" type="stmt"/>
        <line num="50" count="2" type="stmt"/>
        <line num="54" count="2" type="stmt"/>
        <line num="56" count="0" type="stmt"/>
        <line num="60" count="1" type="stmt"/>
        <line num="61" count="0" type="stmt"/>
        <line num="65" count="1" type="stmt"/>
        <line num="66" count="0" type="stmt"/>
        <line num="67" count="0" type="stmt"/>
        <line num="70" count="1" type="stmt"/>
      </file>
      <file name="MyService.js" path="D:\Documents\Corporate Trainings\June 2026\typescript_training_capm\Day 2\sample_mycapapp\srv\MyService.js">
        <metrics statements="39" coveredstatements="8" conditionals="6" coveredconditionals="0" methods="12" coveredmethods="1"/>
        <line num="3" count="1" type="stmt"/>
        <line num="5" count="1" type="stmt"/>
        <line num="7" count="1" type="stmt"/>
        <line num="8" count="0" type="stmt"/>
        <line num="9" count="0" type="stmt"/>
        <line num="11" count="0" type="stmt"/>
        <line num="16" count="1" type="stmt"/>
        <line num="18" count="0" type="stmt"/>
        <line num="19" count="0" type="stmt"/>
        <line num="21" count="0" type="stmt"/>
        <line num="25" count="0" type="stmt"/>
        <line num="26" count="0" type="stmt"/>
        <line num="28" count="0" type="stmt"/>
        <line num="33" count="1" type="stmt"/>
        <line num="34" count="0" type="stmt"/>
        <line num="35" count="0" type="stmt"/>
        <line num="38" count="0" type="cond" truecount="0" falsecount="2"/>
        <line num="39" count="0" type="stmt"/>
        <line num="41" count="0" type="stmt"/>
        <line num="44" count="0" type="stmt"/>
        <line num="46" count="0" type="stmt"/>
        <line num="49" count="1" type="stmt"/>
        <line num="50" count="0" type="stmt"/>
        <line num="51" count="0" type="stmt"/>
        <line num="59" count="0" type="cond" truecount="0" falsecount="2"/>
        <line num="60" count="0" type="stmt"/>
        <line num="62" count="0" type="stmt"/>
        <line num="65" count="0" type="stmt"/>
        <line num="67" count="0" type="stmt"/>
        <line num="70" count="1" type="stmt"/>
        <line num="71" count="0" type="stmt"/>
        <line num="72" count="0" type="stmt"/>
        <line num="73" count="0" type="stmt"/>
        <line num="76" count="0" type="cond" truecount="0" falsecount="2"/>
        <line num="77" count="0" type="stmt"/>
        <line num="79" count="0" type="stmt"/>
        <line num="82" count="0" type="stmt"/>
        <line num="85" count="0" type="stmt"/>
        <line num="88" count="1" type="stmt"/>
      </file>
    </package>
    <package name="utils">
      <metrics statements="47" coveredstatements="46" conditionals="58" coveredconditionals="57" methods="13" coveredmethods="13"/>
      <file name="error-mapper.js" path="D:\Documents\Corporate Trainings\June 2026\typescript_training_capm\Day 2\sample_mycapapp\utils\error-mapper.js">
        <metrics statements="17" coveredstatements="16" conditionals="25" coveredconditionals="24" methods="3" coveredmethods="3"/>
        <line num="11" count="2" type="stmt"/>
        <line num="12" count="2" type="stmt"/>
        <line num="16" count="8" type="stmt"/>
        <line num="17" count="8" type="cond" truecount="5" falsecount="0"/>
        <line num="22" count="6" type="cond" truecount="2" falsecount="0"/>
        <line num="23" count="4" type="cond" truecount="2" falsecount="0"/>
        <line num="24" count="2" type="cond" truecount="1" falsecount="1"/>
        <line num="25" count="0" type="stmt"/>
        <line num="32" count="5" type="cond" truecount="2" falsecount="0"/>
        <line num="33" count="1" type="stmt"/>
        <line num="35" count="4" type="cond" truecount="2" falsecount="0"/>
        <line num="36" count="1" type="stmt"/>
        <line num="40" count="3" type="cond" truecount="4" falsecount="0"/>
        <line num="42" count="3" type="stmt"/>
        <line num="47" count="3" type="cond" truecount="2" falsecount="0"/>
        <line num="48" count="3" type="stmt"/>
        <line num="51" count="2" type="stmt"/>
      </file>
      <file name="payload-transformer.js" path="D:\Documents\Corporate Trainings\June 2026\typescript_training_capm\Day 2\sample_mycapapp\utils\payload-transformer.js">
        <metrics statements="30" coveredstatements="30" conditionals="33" coveredconditionals="33" methods="10" coveredmethods="10"/>
        <line num="14" count="2" type="stmt"/>
        <line num="17" count="71" type="stmt"/>
        <line num="21" count="44" type="cond" truecount="3" falsecount="0"/>
        <line num="30" count="7" type="cond" truecount="2" falsecount="0"/>
        <line num="31" count="6" type="cond" truecount="2" falsecount="0"/>
        <line num="32" count="4" type="cond" truecount="2" falsecount="0"/>
        <line num="33" count="2" type="cond" truecount="4" falsecount="0"/>
        <line num="34" count="1" type="stmt"/>
        <line num="36" count="2" type="stmt"/>
        <line num="45" count="15" type="cond" truecount="2" falsecount="0"/>
        <line num="46" count="15" type="cond" truecount="2" falsecount="0"/>
        <line num="48" count="13" type="stmt"/>
        <line num="49" count="13" type="stmt"/>
        <line num="50" count="22" type="cond" truecount="4" falsecount="0"/>
        <line num="52" count="18" type="cond" truecount="2" falsecount="0"/>
        <line num="53" count="5" type="stmt"/>
        <line num="54" count="5" type="stmt"/>
        <line num="55" count="6" type="stmt"/>
        <line num="57" count="13" type="cond" truecount="2" falsecount="0"/>
        <line num="58" count="2" type="stmt"/>
        <line num="60" count="12" type="stmt"/>
        <line num="63" count="13" type="stmt"/>
        <line num="71" count="2" type="stmt"/>
        <line num="79" count="3" type="cond" truecount="2" falsecount="0"/>
        <line num="80" count="3" type="stmt"/>
        <line num="81" count="6" type="stmt"/>
        <line num="82" count="6" type="stmt"/>
        <line num="83" count="10" type="cond" truecount="4" falsecount="0"/>
        <line num="85" count="6" type="stmt"/>
        <line num="89" count="2" type="stmt"/>
      </file>
    </package>
  </project>
</coverage>
