{"D:\\Documents\\Corporate Trainings\\June 2026\\typescript_training_capm\\Day 2\\sample_mycapapp\\srv\\CDSService.js": {"path":"D:\\Documents\\Corporate Trainings\\June 2026\\typescript_training_capm\\Day 2\\sample_mycapapp\\srv\\CDSService.js","statementMap":{"0":{"start":{"line":1,"column":12},"end":{"line":1,"column":31}},"1":{"start":{"line":2,"column":36},"end":{"line":2,"column":75}},"2":{"start":{"line":3,"column":21},"end":{"line":3,"column":53}},"3":{"start":{"line":5,"column":0},"end":{"line":68,"column":2}},"4":{"start":{"line":7,"column":35},"end":{"line":7,"column":61}},"5":{"start":{"line":9,"column":2},"end":{"line":11,"column":4}},"6":{"start":{"line":10,"column":4},"end":{"line":10,"column":60}},"7":{"start":{"line":22,"column":2},"end":{"line":32,"column":4}},"8":{"start":{"line":23,"column":18},"end":{"line":23,"column":72}},"9":{"start":{"line":24,"column":4},"end":{"line":26,"column":5}},"10":{"start":{"line":25,"column":6},"end":{"line":25,"column":73}},"11":{"start":{"line":27,"column":4},"end":{"line":31,"column":5}},"12":{"start":{"line":28,"column":21},"end":{"line":28,"column":30}},"13":{"start":{"line":30,"column":6},"end":{"line":30,"column":33}},"14":{"start":{"line":33,"column":2},"end":{"line":51,"column":4}},"15":{"start":{"line":35,"column":17},"end":{"line":35,"column":91}},"16":{"start":{"line":36,"column":4},"end":{"line":36,"column":46}},"17":{"start":{"line":38,"column":14},"end":{"line":38,"column":46}},"18":{"start":{"line":38,"column":34},"end":{"line":38,"column":45}},"19":{"start":{"line":40,"column":25},"end":{"line":43,"column":54}},"20":{"start":{"line":45,"column":4},"end":{"line":48,"column":5}},"21":{"start":{"line":46,"column":22},"end":{"line":46,"column":75}},"22":{"start":{"line":46,"column":46},"end":{"line":46,"column":74}},"23":{"start":{"line":47,"column":6},"end":{"line":47,"column":47}},"24":{"start":{"line":52,"column":2},"end":{"line":54,"column":4}},"25":{"start":{"line":53,"column":4},"end":{"line":53,"column":58}},"26":{"start":{"line":55,"column":2},"end":{"line":57,"column":4}},"27":{"start":{"line":56,"column":4},"end":{"line":56,"column":64}},"28":{"start":{"line":60,"column":2},"end":{"line":65,"column":4}},"29":{"start":{"line":61,"column":23},"end":{"line":61,"column":36}},"30":{"start":{"line":62,"column":4},"end":{"line":62,"column":49}},"31":{"start":{"line":63,"column":4},"end":{"line":63,"column":30}},"32":{"start":{"line":64,"column":4},"end":{"line":64,"column":36}},"33":{"start":{"line":67,"column":2},"end":{"line":67,"column":21}}},"fnMap":{"0":{"name":"(anonymous_0)","decl":{"start":{"line":5,"column":67},"end":{"line":5,"column":68}},"loc":{"start":{"line":5,"column":74},"end":{"line":68,"column":1}},"line":5},"1":{"name":"(anonymous_1)","decl":{"start":{"line":9,"column":49},"end":{"line":9,"column":50}},"loc":{"start":{"line":9,"column":64},"end":{"line":11,"column":3}},"line":9},"2":{"name":"(anonymous_2)","decl":{"start":{"line":22,"column":35},"end":{"line":22,"column":36}},"loc":{"start":{"line":22,"column":44},"end":{"line":32,"column":3}},"line":22},"3":{"name":"(anonymous_3)","decl":{"start":{"line":33,"column":34},"end":{"line":33,"column":35}},"loc":{"start":{"line":33,"column":61},"end":{"line":51,"column":3}},"line":33},"4":{"name":"(anonymous_4)","decl":{"start":{"line":38,"column":29},"end":{"line":38,"column":30}},"loc":{"start":{"line":38,"column":34},"end":{"line":38,"column":45}},"line":38},"5":{"name":"(anonymous_5)","decl":{"start":{"line":46,"column":40},"end":{"line":46,"column":41}},"loc":{"start":{"line":46,"column":46},"end":{"line":46,"column":74}},"line":46},"6":{"name":"(anonymous_6)","decl":{"start":{"line":52,"column":47},"end":{"line":52,"column":48}},"loc":{"start":{"line":52,"column":62},"end":{"line":54,"column":3}},"line":52},"7":{"name":"(anonymous_7)","decl":{"start":{"line":55,"column":32},"end":{"line":55,"column":33}},"loc":{"start":{"line":55,"column":57},"end":{"line":57,"column":3}},"line":55},"8":{"name":"(anonymous_8)","decl":{"start":{"line":60,"column":19},"end":{"line":60,"column":20}},"loc":{"start":{"line":60,"column":33},"end":{"line":65,"column":3}},"line":60}},"branchMap":{"0":{"loc":{"start":{"line":23,"column":18},"end":{"line":23,"column":72}},"type":"binary-expr","locations":[{"start":{"line":23,"column":19},"end":{"line":23,"column":27}},{"start":{"line":23,"column":31},"end":{"line":23,"column":43}},{"start":{"line":23,"column":47},"end":{"line":23,"column":65}},{"start":{"line":23,"column":70},"end":{"line":23,"column":72}}],"line":23},"1":{"loc":{"start":{"line":24,"column":4},"end":{"line":26,"column":5}},"type":"if","locations":[{"start":{"line":24,"column":4},"end":{"line":26,"column":5}},{"start":{},"end":{}}],"line":24},"2":{"loc":{"start":{"line":27,"column":4},"end":{"line":31,"column":5}},"type":"if","locations":[{"start":{"line":27,"column":4},"end":{"line":31,"column":5}},{"start":{},"end":{}}],"line":27},"3":{"loc":{"start":{"line":47,"column":20},"end":{"line":47,"column":47}},"type":"cond-expr","locations":[{"start":{"line":47,"column":30},"end":{"line":47,"column":43}},{"start":{"line":47,"column":46},"end":{"line":47,"column":47}}],"line":47}},"s":{"0":1,"1":1,"2":1,"3":1,"4":1,"5":1,"6":0,"7":1,"8":0,"9":0,"10":0,"11":0,"12":0,"13":0,"14":1,"15":0,"16":0,"17":0,"18":0,"19":0,"20":0,"21":0,"22":0,"23":0,"24":1,"25":0,"26":1,"27":0,"28":1,"29":0,"30":0,"31":0,"32":0,"33":1},"f":{"0":1,"1":0,"2":0,"3":0,"4":0,"5":0,"6":0,"7":0,"8":0},"b":{"0":[0,0,0,0],"1":[0,0],"2":[0,0],"3":[0,0]},"_coverageSchema":"1a1c01bbd47fc00a2c39e90264f33305004495a9","hash":"6087a3e61ab22fcf5b36d43e41ba48875ade1310"}
,"D:\\Documents\\Corporate Trainings\\June 2026\\typescript_training_capm\\Day 2\\sample_mycapapp\\srv\\CatalogService.js": {"path":"D:\\Documents\\Corporate Trainings\\June 2026\\typescript_training_capm\\Day 2\\sample_mycapapp\\srv\\CatalogService.js","statementMap":{"0":{"start":{"line":1,"column":12},"end":{"line":1,"column":31}},"1":{"start":{"line":3,"column":0},"end":{"line":71,"column":2}},"2":{"start":{"line":5,"column":62},"end":{"line":5,"column":92}},"3":{"start":{"line":7,"column":2},"end":{"line":12,"column":4}},"4":{"start":{"line":8,"column":4},"end":{"line":8,"column":52}},"5":{"start":{"line":9,"column":4},"end":{"line":11,"column":5}},"6":{"start":{"line":10,"column":8},"end":{"line":10,"column":74}},"7":{"start":{"line":13,"column":2},"end":{"line":15,"column":4}},"8":{"start":{"line":14,"column":4},"end":{"line":14,"column":54}},"9":{"start":{"line":16,"column":2},"end":{"line":18,"column":4}},"10":{"start":{"line":17,"column":4},"end":{"line":17,"column":66}},"11":{"start":{"line":19,"column":2},"end":{"line":21,"column":4}},"12":{"start":{"line":20,"column":4},"end":{"line":20,"column":64}},"13":{"start":{"line":22,"column":2},"end":{"line":24,"column":4}},"14":{"start":{"line":23,"column":4},"end":{"line":23,"column":66}},"15":{"start":{"line":25,"column":2},"end":{"line":27,"column":4}},"16":{"start":{"line":26,"column":4},"end":{"line":26,"column":64}},"17":{"start":{"line":29,"column":3},"end":{"line":42,"column":7}},"18":{"start":{"line":30,"column":8},"end":{"line":41,"column":9}},"19":{"start":{"line":31,"column":23},"end":{"line":31,"column":36}},"20":{"start":{"line":32,"column":12},"end":{"line":32,"column":120}},"21":{"start":{"line":33,"column":23},"end":{"line":33,"column":34}},"22":{"start":{"line":35,"column":12},"end":{"line":38,"column":25}},"23":{"start":{"line":40,"column":12},"end":{"line":40,"column":47}},"24":{"start":{"line":44,"column":4},"end":{"line":58,"column":7}},"25":{"start":{"line":45,"column":8},"end":{"line":57,"column":9}},"26":{"start":{"line":47,"column":23},"end":{"line":47,"column":34}},"27":{"start":{"line":50,"column":26},"end":{"line":52,"column":23}},"28":{"start":{"line":54,"column":12},"end":{"line":54,"column":25}},"29":{"start":{"line":56,"column":12},"end":{"line":56,"column":47}},"30":{"start":{"line":60,"column":4},"end":{"line":62,"column":9}},"31":{"start":{"line":61,"column":8},"end":{"line":61,"column":37}},"32":{"start":{"line":65,"column":4},"end":{"line":68,"column":7}},"33":{"start":{"line":66,"column":19},"end":{"line":66,"column":30}},"34":{"start":{"line":67,"column":8},"end":{"line":67,"column":87}},"35":{"start":{"line":70,"column":2},"end":{"line":70,"column":21}}},"fnMap":{"0":{"name":"(anonymous_0)","decl":{"start":{"line":3,"column":71},"end":{"line":3,"column":72}},"loc":{"start":{"line":3,"column":78},"end":{"line":71,"column":1}},"line":3},"1":{"name":"(anonymous_1)","decl":{"start":{"line":7,"column":50},"end":{"line":7,"column":51}},"loc":{"start":{"line":7,"column":65},"end":{"line":12,"column":3}},"line":7},"2":{"name":"(anonymous_2)","decl":{"start":{"line":13,"column":35},"end":{"line":13,"column":36}},"loc":{"start":{"line":13,"column":63},"end":{"line":15,"column":3}},"line":13},"3":{"name":"(anonymous_3)","decl":{"start":{"line":16,"column":55},"end":{"line":16,"column":56}},"loc":{"start":{"line":16,"column":70},"end":{"line":18,"column":3}},"line":16},"4":{"name":"(anonymous_4)","decl":{"start":{"line":19,"column":40},"end":{"line":19,"column":41}},"loc":{"start":{"line":19,"column":73},"end":{"line":21,"column":3}},"line":19},"5":{"name":"(anonymous_5)","decl":{"start":{"line":22,"column":55},"end":{"line":22,"column":56}},"loc":{"start":{"line":22,"column":70},"end":{"line":24,"column":3}},"line":22},"6":{"name":"(anonymous_6)","decl":{"start":{"line":25,"column":40},"end":{"line":25,"column":41}},"loc":{"start":{"line":25,"column":73},"end":{"line":27,"column":3}},"line":25},"7":{"name":"(anonymous_7)","decl":{"start":{"line":29,"column":20},"end":{"line":29,"column":21}},"loc":{"start":{"line":29,"column":39},"end":{"line":42,"column":5}},"line":29},"8":{"name":"(anonymous_8)","decl":{"start":{"line":44,"column":28},"end":{"line":44,"column":29}},"loc":{"start":{"line":44,"column":47},"end":{"line":58,"column":5}},"line":44},"9":{"name":"(anonymous_9)","decl":{"start":{"line":60,"column":32},"end":{"line":60,"column":33}},"loc":{"start":{"line":60,"column":45},"end":{"line":62,"column":7}},"line":60},"10":{"name":"(anonymous_10)","decl":{"start":{"line":65,"column":52},"end":{"line":65,"column":53}},"loc":{"start":{"line":65,"column":65},"end":{"line":68,"column":5}},"line":65}},"branchMap":{"0":{"loc":{"start":{"line":9,"column":4},"end":{"line":11,"column":5}},"type":"if","locations":[{"start":{"line":9,"column":4},"end":{"line":11,"column":5}},{"start":{},"end":{}}],"line":9}},"s":{"0":1,"1":1,"2":1,"3":1,"4":2,"5":2,"6":1,"7":1,"8":0,"9":1,"10":0,"11":1,"12":2,"13":1,"14":0,"15":1,"16":0,"17":1,"18":0,"19":0,"20":0,"21":0,"22":0,"23":0,"24":1,"25":2,"26":2,"27":2,"28":2,"29":0,"30":1,"31":0,"32":1,"33":0,"34":0,"35":1},"f":{"0":1,"1":2,"2":0,"3":0,"4":2,"5":0,"6":0,"7":0,"8":2,"9":0,"10":0},"b":{"0":[1,1]},"_coverageSchema":"1a1c01bbd47fc00a2c39e90264f33305004495a9","hash":"daf35c01afed9dbbd7572c434b2eca1e891994dd"}
,"D:\\Documents\\Corporate Trainings\\June 2026\\typescript_training_capm\\Day 2\\sample_mycapapp\\srv\\MyService.js": {"path":"D:\\Documents\\Corporate Trainings\\June 2026\\typescript_training_capm\\Day 2\\sample_mycapapp\\srv\\MyService.js","statementMap":{"0":{"start":{"line":3,"column":12},"end":{"line":3,"column":31}},"1":{"start":{"line":5,"column":0},"end":{"line":89,"column":2}},"2":{"start":{"line":7,"column":2},"end":{"line":12,"column":4}},"3":{"start":{"line":8,"column":4},"end":{"line":8,"column":39}},"4":{"start":{"line":9,"column":17},"end":{"line":9,"column":30}},"5":{"start":{"line":11,"column":4},"end":{"line":11,"column":74}},"6":{"start":{"line":16,"column":4},"end":{"line":29,"column":7}},"7":{"start":{"line":18,"column":29},"end":{"line":18,"column":37}},"8":{"start":{"line":19,"column":8},"end":{"line":19,"column":36}},"9":{"start":{"line":21,"column":8},"end":{"line":21,"column":96}},"10":{"start":{"line":25,"column":8},"end":{"line":27,"column":9}},"11":{"start":{"line":25,"column":21},"end":{"line":25,"column":22}},"12":{"start":{"line":26,"column":12},"end":{"line":26,"column":47}},"13":{"start":{"line":28,"column":8},"end":{"line":28,"column":23}},"14":{"start":{"line":33,"column":4},"end":{"line":47,"column":7}},"15":{"start":{"line":34,"column":22},"end":{"line":34,"column":30}},"16":{"start":{"line":35,"column":25},"end":{"line":45,"column":10}},"17":{"start":{"line":38,"column":12},"end":{"line":42,"column":13}},"18":{"start":{"line":39,"column":16},"end":{"line":39,"column":32}},"19":{"start":{"line":41,"column":16},"end":{"line":41,"column":47}},"20":{"start":{"line":44,"column":12},"end":{"line":44,"column":65}},"21":{"start":{"line":46,"column":8},"end":{"line":46,"column":26}},"22":{"start":{"line":49,"column":4},"end":{"line":68,"column":7}},"23":{"start":{"line":50,"column":22},"end":{"line":50,"column":30}},"24":{"start":{"line":51,"column":25},"end":{"line":66,"column":10}},"25":{"start":{"line":59,"column":12},"end":{"line":63,"column":13}},"26":{"start":{"line":60,"column":16},"end":{"line":60,"column":32}},"27":{"start":{"line":62,"column":16},"end":{"line":62,"column":47}},"28":{"start":{"line":65,"column":12},"end":{"line":65,"column":65}},"29":{"start":{"line":67,"column":8},"end":{"line":67,"column":26}},"30":{"start":{"line":70,"column":4},"end":{"line":86,"column":7}},"31":{"start":{"line":71,"column":22},"end":{"line":71,"column":30}},"32":{"start":{"line":72,"column":8},"end":{"line":72,"column":32}},"33":{"start":{"line":73,"column":25},"end":{"line":83,"column":10}},"34":{"start":{"line":76,"column":12},"end":{"line":80,"column":13}},"35":{"start":{"line":77,"column":16},"end":{"line":77,"column":32}},"36":{"start":{"line":79,"column":16},"end":{"line":79,"column":47}},"37":{"start":{"line":82,"column":12},"end":{"line":82,"column":65}},"38":{"start":{"line":85,"column":8},"end":{"line":85,"column":26}},"39":{"start":{"line":88,"column":2},"end":{"line":88,"column":21}}},"fnMap":{"0":{"name":"(anonymous_0)","decl":{"start":{"line":5,"column":66},"end":{"line":5,"column":67}},"loc":{"start":{"line":5,"column":73},"end":{"line":89,"column":1}},"line":5},"1":{"name":"(anonymous_1)","decl":{"start":{"line":7,"column":22},"end":{"line":7,"column":23}},"loc":{"start":{"line":7,"column":37},"end":{"line":12,"column":3}},"line":7},"2":{"name":"(anonymous_2)","decl":{"start":{"line":16,"column":33},"end":{"line":16,"column":34}},"loc":{"start":{"line":16,"column":52},"end":{"line":29,"column":5}},"line":16},"3":{"name":"(anonymous_3)","decl":{"start":{"line":33,"column":42},"end":{"line":33,"column":43}},"loc":{"start":{"line":33,"column":60},"end":{"line":47,"column":5}},"line":33},"4":{"name":"(anonymous_4)","decl":{"start":{"line":37,"column":16},"end":{"line":37,"column":17}},"loc":{"start":{"line":37,"column":35},"end":{"line":43,"column":9}},"line":37},"5":{"name":"(anonymous_5)","decl":{"start":{"line":43,"column":18},"end":{"line":43,"column":19}},"loc":{"start":{"line":43,"column":25},"end":{"line":45,"column":9}},"line":43},"6":{"name":"(anonymous_6)","decl":{"start":{"line":49,"column":43},"end":{"line":49,"column":44}},"loc":{"start":{"line":49,"column":61},"end":{"line":68,"column":5}},"line":49},"7":{"name":"(anonymous_7)","decl":{"start":{"line":58,"column":16},"end":{"line":58,"column":17}},"loc":{"start":{"line":58,"column":35},"end":{"line":64,"column":9}},"line":58},"8":{"name":"(anonymous_8)","decl":{"start":{"line":64,"column":18},"end":{"line":64,"column":19}},"loc":{"start":{"line":64,"column":25},"end":{"line":66,"column":9}},"line":64},"9":{"name":"(anonymous_9)","decl":{"start":{"line":70,"column":43},"end":{"line":70,"column":44}},"loc":{"start":{"line":70,"column":61},"end":{"line":86,"column":5}},"line":70},"10":{"name":"(anonymous_10)","decl":{"start":{"line":75,"column":16},"end":{"line":75,"column":17}},"loc":{"start":{"line":75,"column":35},"end":{"line":81,"column":9}},"line":75},"11":{"name":"(anonymous_11)","decl":{"start":{"line":81,"column":18},"end":{"line":81,"column":19}},"loc":{"start":{"line":81,"column":25},"end":{"line":83,"column":9}},"line":81}},"branchMap":{"0":{"loc":{"start":{"line":38,"column":12},"end":{"line":42,"column":13}},"type":"if","locations":[{"start":{"line":38,"column":12},"end":{"line":42,"column":13}},{"start":{"line":40,"column":17},"end":{"line":42,"column":13}}],"line":38},"1":{"loc":{"start":{"line":59,"column":12},"end":{"line":63,"column":13}},"type":"if","locations":[{"start":{"line":59,"column":12},"end":{"line":63,"column":13}},{"start":{"line":61,"column":17},"end":{"line":63,"column":13}}],"line":59},"2":{"loc":{"start":{"line":76,"column":12},"end":{"line":80,"column":13}},"type":"if","locations":[{"start":{"line":76,"column":12},"end":{"line":80,"column":13}},{"start":{"line":78,"column":17},"end":{"line":80,"column":13}}],"line":76}},"s":{"0":1,"1":1,"2":1,"3":0,"4":0,"5":0,"6":1,"7":0,"8":0,"9":0,"10":0,"11":0,"12":0,"13":0,"14":1,"15":0,"16":0,"17":0,"18":0,"19":0,"20":0,"21":0,"22":1,"23":0,"24":0,"25":0,"26":0,"27":0,"28":0,"29":0,"30":1,"31":0,"32":0,"33":0,"34":0,"35":0,"36":0,"37":0,"38":0,"39":1},"f":{"0":1,"1":0,"2":0,"3":0,"4":0,"5":0,"6":0,"7":0,"8":0,"9":0,"10":0,"11":0},"b":{"0":[0,0],"1":[0,0],"2":[0,0]},"_coverageSchema":"1a1c01bbd47fc00a2c39e90264f33305004495a9","hash":"bc6c5284ca611760b95cb9549e4a1f1ee9e9f183"}
,"D:\\Documents\\Corporate Trainings\\June 2026\\typescript_training_capm\\Day 2\\sample_mycapapp\\utils\\error-mapper.js": {"path":"D:\\Documents\\Corporate Trainings\\June 2026\\typescript_training_capm\\Day 2\\sample_mycapapp\\utils\\error-mapper.js","statementMap":{"0":{"start":{"line":11,"column":23},"end":{"line":11,"column":26}},"1":{"start":{"line":12,"column":21},"end":{"line":12,"column":44}},"2":{"start":{"line":16,"column":12},"end":{"line":16,"column":25}},"3":{"start":{"line":17,"column":2},"end":{"line":17,"column":73}},"4":{"start":{"line":22,"column":2},"end":{"line":22,"column":45}},"5":{"start":{"line":22,"column":23},"end":{"line":22,"column":45}},"6":{"start":{"line":23,"column":2},"end":{"line":23,"column":49}},"7":{"start":{"line":23,"column":35},"end":{"line":23,"column":49}},"8":{"start":{"line":24,"column":2},"end":{"line":24,"column":61}},"9":{"start":{"line":24,"column":41},"end":{"line":24,"column":61}},"10":{"start":{"line":25,"column":2},"end":{"line":25,"column":24}},"11":{"start":{"line":32,"column":2},"end":{"line":34,"column":3}},"12":{"start":{"line":33,"column":4},"end":{"line":33,"column":83}},"13":{"start":{"line":35,"column":2},"end":{"line":37,"column":3}},"14":{"start":{"line":36,"column":4},"end":{"line":36,"column":71}},"15":{"start":{"line":40,"column":17},"end":{"line":40,"column":77}},"16":{"start":{"line":42,"column":21},"end":{"line":46,"column":3}},"17":{"start":{"line":47,"column":2},"end":{"line":47,"column":54}},"18":{"start":{"line":47,"column":21},"end":{"line":47,"column":54}},"19":{"start":{"line":48,"column":2},"end":{"line":48,"column":19}},"20":{"start":{"line":51,"column":0},"end":{"line":57,"column":1}}},"fnMap":{"0":{"name":"toStatus","decl":{"start":{"line":15,"column":9},"end":{"line":15,"column":17}},"loc":{"start":{"line":15,"column":26},"end":{"line":18,"column":1}},"line":15},"1":{"name":"extractMessage","decl":{"start":{"line":21,"column":9},"end":{"line":21,"column":23}},"loc":{"start":{"line":21,"column":34},"end":{"line":26,"column":1}},"line":21},"2":{"name":"mapError","decl":{"start":{"line":31,"column":9},"end":{"line":31,"column":17}},"loc":{"start":{"line":31,"column":24},"end":{"line":49,"column":1}},"line":31}},"branchMap":{"0":{"loc":{"start":{"line":17,"column":9},"end":{"line":17,"column":73}},"type":"cond-expr","locations":[{"start":{"line":17,"column":55},"end":{"line":17,"column":56}},{"start":{"line":17,"column":59},"end":{"line":17,"column":73}}],"line":17},"1":{"loc":{"start":{"line":17,"column":9},"end":{"line":17,"column":52}},"type":"binary-expr","locations":[{"start":{"line":17,"column":9},"end":{"line":17,"column":28}},{"start":{"line":17,"column":32},"end":{"line":17,"column":40}},{"start":{"line":17,"column":44},"end":{"line":17,"column":52}}],"line":17},"2":{"loc":{"start":{"line":22,"column":2},"end":{"line":22,"column":45}},"type":"if","locations":[{"start":{"line":22,"column":2},"end":{"line":22,"column":45}},{"start":{},"end":{}}],"line":22},"3":{"loc":{"start":{"line":23,"column":2},"end":{"line":23,"column":49}},"type":"if","locations":[{"start":{"line":23,"column":2},"end":{"line":23,"column":49}},{"start":{},"end":{}}],"line":23},"4":{"loc":{"start":{"line":24,"column":2},"end":{"line":24,"column":61}},"type":"if","locations":[{"start":{"line":24,"column":2},"end":{"line":24,"column":61}},{"start":{},"end":{}}],"line":24},"5":{"loc":{"start":{"line":32,"column":2},"end":{"line":34,"column":3}},"type":"if","locations":[{"start":{"line":32,"column":2},"end":{"line":34,"column":3}},{"start":{},"end":{}}],"line":32},"6":{"loc":{"start":{"line":35,"column":2},"end":{"line":37,"column":3}},"type":"if","locations":[{"start":{"line":35,"column":2},"end":{"line":37,"column":3}},{"start":{},"end":{}}],"line":35},"7":{"loc":{"start":{"line":40,"column":17},"end":{"line":40,"column":77}},"type":"cond-expr","locations":[{"start":{"line":40,"column":62},"end":{"line":40,"column":71}},{"start":{"line":40,"column":74},"end":{"line":40,"column":77}}],"line":40},"8":{"loc":{"start":{"line":40,"column":17},"end":{"line":40,"column":59}},"type":"binary-expr","locations":[{"start":{"line":40,"column":17},"end":{"line":40,"column":26}},{"start":{"line":40,"column":30},"end":{"line":40,"column":59}}],"line":40},"9":{"loc":{"start":{"line":43,"column":10},"end":{"line":43,"column":66}},"type":"cond-expr","locations":[{"start":{"line":43,"column":32},"end":{"line":43,"column":51}},{"start":{"line":43,"column":54},"end":{"line":43,"column":66}}],"line":43},"10":{"loc":{"start":{"line":45,"column":21},"end":{"line":45,"column":78}},"type":"cond-expr","locations":[{"start":{"line":45,"column":45},"end":{"line":45,"column":58}},{"start":{"line":45,"column":61},"end":{"line":45,"column":78}}],"line":45},"11":{"loc":{"start":{"line":47,"column":2},"end":{"line":47,"column":54}},"type":"if","locations":[{"start":{"line":47,"column":2},"end":{"line":47,"column":54}},{"start":{},"end":{}}],"line":47}},"s":{"0":2,"1":2,"2":8,"3":8,"4":6,"5":2,"6":4,"7":2,"8":2,"9":2,"10":0,"11":5,"12":1,"13":4,"14":1,"15":3,"16":3,"17":3,"18":1,"19":3,"20":2},"f":{"0":8,"1":6,"2":5},"b":{"0":[4,4],"1":[8,5,4],"2":[2,4],"3":[2,2],"4":[2,0],"5":[1,4],"6":[1,3],"7":[1,2],"8":[3,1],"9":[2,1],"10":[2,1],"11":[1,2]},"_coverageSchema":"1a1c01bbd47fc00a2c39e90264f33305004495a9","hash":"6e0479c0ac07f9b5404adcb9a05f56bfad908e8d"}
,"D:\\Documents\\Corporate Trainings\\June 2026\\typescript_training_capm\\Day 2\\sample_mycapapp\\utils\\payload-transformer.js": {"path":"D:\\Documents\\Corporate Trainings\\June 2026\\typescript_training_capm\\Day 2\\sample_mycapapp\\utils\\payload-transformer.js","statementMap":{"0":{"start":{"line":14,"column":25},"end":{"line":14,"column":41}},"1":{"start":{"line":17,"column":2},"end":{"line":17,"column":64}},"2":{"start":{"line":17,"column":41},"end":{"line":17,"column":63}},"3":{"start":{"line":21,"column":2},"end":{"line":21,"column":77}},"4":{"start":{"line":30,"column":2},"end":{"line":30,"column":44}},"5":{"start":{"line":30,"column":30},"end":{"line":30,"column":44}},"6":{"start":{"line":31,"column":2},"end":{"line":35,"column":3}},"7":{"start":{"line":32,"column":4},"end":{"line":32,"column":58}},"8":{"start":{"line":32,"column":38},"end":{"line":32,"column":58}},"9":{"start":{"line":33,"column":4},"end":{"line":33,"column":79}},"10":{"start":{"line":33,"column":55},"end":{"line":33,"column":79}},"11":{"start":{"line":34,"column":4},"end":{"line":34,"column":20}},"12":{"start":{"line":36,"column":2},"end":{"line":36,"column":11}},"13":{"start":{"line":45,"column":52},"end":{"line":45,"column":59}},"14":{"start":{"line":46,"column":2},"end":{"line":46,"column":43}},"15":{"start":{"line":46,"column":30},"end":{"line":46,"column":43}},"16":{"start":{"line":48,"column":14},"end":{"line":48,"column":16}},"17":{"start":{"line":49,"column":2},"end":{"line":62,"column":3}},"18":{"start":{"line":50,"column":4},"end":{"line":50,"column":52}},"19":{"start":{"line":50,"column":44},"end":{"line":50,"column":52}},"20":{"start":{"line":52,"column":4},"end":{"line":61,"column":5}},"21":{"start":{"line":53,"column":21},"end":{"line":53,"column":71}},"22":{"start":{"line":54,"column":6},"end":{"line":56,"column":7}},"23":{"start":{"line":55,"column":8},"end":{"line":55,"column":59}},"24":{"start":{"line":57,"column":11},"end":{"line":61,"column":5}},"25":{"start":{"line":58,"column":6},"end":{"line":58,"column":85}},"26":{"start":{"line":58,"column":35},"end":{"line":58,"column":84}},"27":{"start":{"line":60,"column":6},"end":{"line":60,"column":22}},"28":{"start":{"line":63,"column":2},"end":{"line":63,"column":12}},"29":{"start":{"line":71,"column":2},"end":{"line":71,"column":69}},"30":{"start":{"line":71,"column":41},"end":{"line":71,"column":68}},"31":{"start":{"line":79,"column":15},"end":{"line":79,"column":56}},"32":{"start":{"line":80,"column":2},"end":{"line":86,"column":4}},"33":{"start":{"line":81,"column":19},"end":{"line":81,"column":21}},"34":{"start":{"line":82,"column":4},"end":{"line":84,"column":5}},"35":{"start":{"line":83,"column":6},"end":{"line":83,"column":57}},"36":{"start":{"line":83,"column":31},"end":{"line":83,"column":57}},"37":{"start":{"line":85,"column":4},"end":{"line":85,"column":17}},"38":{"start":{"line":89,"column":0},"end":{"line":97,"column":1}}},"fnMap":{"0":{"name":"isControlKey","decl":{"start":{"line":16,"column":9},"end":{"line":16,"column":21}},"loc":{"start":{"line":16,"column":28},"end":{"line":18,"column":1}},"line":16},"1":{"name":"(anonymous_1)","decl":{"start":{"line":17,"column":31},"end":{"line":17,"column":32}},"loc":{"start":{"line":17,"column":41},"end":{"line":17,"column":63}},"line":17},"2":{"name":"isPlainObject","decl":{"start":{"line":20,"column":9},"end":{"line":20,"column":22}},"loc":{"start":{"line":20,"column":31},"end":{"line":22,"column":1}},"line":20},"3":{"name":"extractRows","decl":{"start":{"line":29,"column":9},"end":{"line":29,"column":20}},"loc":{"start":{"line":29,"column":31},"end":{"line":37,"column":1}},"line":29},"4":{"name":"flattenRecord","decl":{"start":{"line":44,"column":9},"end":{"line":44,"column":22}},"loc":{"start":{"line":44,"column":46},"end":{"line":64,"column":1}},"line":44},"5":{"name":"(anonymous_5)","decl":{"start":{"line":58,"column":27},"end":{"line":58,"column":28}},"loc":{"start":{"line":58,"column":35},"end":{"line":58,"column":84}},"line":58},"6":{"name":"flattenPayload","decl":{"start":{"line":70,"column":9},"end":{"line":70,"column":23}},"loc":{"start":{"line":70,"column":48},"end":{"line":72,"column":1}},"line":70},"7":{"name":"(anonymous_7)","decl":{"start":{"line":71,"column":34},"end":{"line":71,"column":35}},"loc":{"start":{"line":71,"column":41},"end":{"line":71,"column":68}},"line":71},"8":{"name":"project","decl":{"start":{"line":78,"column":9},"end":{"line":78,"column":16}},"loc":{"start":{"line":78,"column":32},"end":{"line":87,"column":1}},"line":78},"9":{"name":"(anonymous_9)","decl":{"start":{"line":80,"column":18},"end":{"line":80,"column":19}},"loc":{"start":{"line":80,"column":25},"end":{"line":86,"column":3}},"line":80}},"branchMap":{"0":{"loc":{"start":{"line":21,"column":9},"end":{"line":21,"column":77}},"type":"binary-expr","locations":[{"start":{"line":21,"column":9},"end":{"line":21,"column":23}},{"start":{"line":21,"column":27},"end":{"line":21,"column":52}},{"start":{"line":21,"column":56},"end":{"line":21,"column":77}}],"line":21},"1":{"loc":{"start":{"line":30,"column":2},"end":{"line":30,"column":44}},"type":"if","locations":[{"start":{"line":30,"column":2},"end":{"line":30,"column":44}},{"start":{},"end":{}}],"line":30},"2":{"loc":{"start":{"line":31,"column":2},"end":{"line":35,"column":3}},"type":"if","locations":[{"start":{"line":31,"column":2},"end":{"line":35,"column":3}},{"start":{},"end":{}}],"line":31},"3":{"loc":{"start":{"line":32,"column":4},"end":{"line":32,"column":58}},"type":"if","locations":[{"start":{"line":32,"column":4},"end":{"line":32,"column":58}},{"start":{},"end":{}}],"line":32},"4":{"loc":{"start":{"line":33,"column":4},"end":{"line":33,"column":79}},"type":"if","locations":[{"start":{"line":33,"column":4},"end":{"line":33,"column":79}},{"start":{},"end":{}}],"line":33},"5":{"loc":{"start":{"line":33,"column":8},"end":{"line":33,"column":53}},"type":"binary-expr","locations":[{"start":{"line":33,"column":8},"end":{"line":33,"column":17}},{"start":{"line":33,"column":21},"end":{"line":33,"column":53}}],"line":33},"6":{"loc":{"start":{"line":44,"column":32},"end":{"line":44,"column":44}},"type":"default-arg","locations":[{"start":{"line":44,"column":42},"end":{"line":44,"column":44}}],"line":44},"7":{"loc":{"start":{"line":45,"column":10},"end":{"line":45,"column":25}},"type":"default-arg","locations":[{"start":{"line":45,"column":22},"end":{"line":45,"column":25}}],"line":45},"8":{"loc":{"start":{"line":45,"column":27},"end":{"line":45,"column":47}},"type":"default-arg","locations":[{"start":{"line":45,"column":43},"end":{"line":45,"column":47}}],"line":45},"9":{"loc":{"start":{"line":46,"column":2},"end":{"line":46,"column":43}},"type":"if","locations":[{"start":{"line":46,"column":2},"end":{"line":46,"column":43}},{"start":{},"end":{}}],"line":46},"10":{"loc":{"start":{"line":50,"column":4},"end":{"line":50,"column":52}},"type":"if","locations":[{"start":{"line":50,"column":4},"end":{"line":50,"column":52}},{"start":{},"end":{}}],"line":50},"11":{"loc":{"start":{"line":50,"column":8},"end":{"line":50,"column":42}},"type":"binary-expr","locations":[{"start":{"line":50,"column":8},"end":{"line":50,"column":21}},{"start":{"line":50,"column":25},"end":{"line":50,"column":42}}],"line":50},"12":{"loc":{"start":{"line":52,"column":4},"end":{"line":61,"column":5}},"type":"if","locations":[{"start":{"line":52,"column":4},"end":{"line":61,"column":5}},{"start":{"line":57,"column":11},"end":{"line":61,"column":5}}],"line":52},"13":{"loc":{"start":{"line":57,"column":11},"end":{"line":61,"column":5}},"type":"if","locations":[{"start":{"line":57,"column":11},"end":{"line":61,"column":5}},{"start":{"line":59,"column":11},"end":{"line":61,"column":5}}],"line":57},"14":{"loc":{"start":{"line":70,"column":34},"end":{"line":70,"column":46}},"type":"default-arg","locations":[{"start":{"line":70,"column":44},"end":{"line":70,"column":46}}],"line":70},"15":{"loc":{"start":{"line":79,"column":15},"end":{"line":79,"column":56}},"type":"cond-expr","locations":[{"start":{"line":79,"column":39},"end":{"line":79,"column":45}},{"start":{"line":79,"column":48},"end":{"line":79,"column":56}}],"line":79},"16":{"loc":{"start":{"line":83,"column":6},"end":{"line":83,"column":57}},"type":"if","locations":[{"start":{"line":83,"column":6},"end":{"line":83,"column":57}},{"start":{},"end":{}}],"line":83},"17":{"loc":{"start":{"line":83,"column":10},"end":{"line":83,"column":29}},"type":"binary-expr","locations":[{"start":{"line":83,"column":10},"end":{"line":83,"column":13}},{"start":{"line":83,"column":17},"end":{"line":83,"column":29}}],"line":83}},"s":{"0":2,"1":27,"2":71,"3":44,"4":7,"5":1,"6":6,"7":4,"8":2,"9":2,"10":1,"11":1,"12":2,"13":15,"14":15,"15":2,"16":13,"17":13,"18":22,"19":4,"20":18,"21":5,"22":5,"23":6,"24":13,"25":1,"26":2,"27":12,"28":13,"29":1,"30":2,"31":3,"32":3,"33":6,"34":6,"35":10,"36":8,"37":6,"38":2},"f":{"0":27,"1":71,"2":44,"3":7,"4":15,"5":2,"6":1,"7":2,"8":3,"9":6},"b":{"0":[44,42,26],"1":[1,6],"2":[4,2],"3":[2,2],"4":[1,1],"5":[2,1],"6":[5],"7":[7],"8":[8],"9":[2,13],"10":[4,18],"11":[22,22],"12":[5,13],"13":[1,12],"14":[1],"15":[2,1],"16":[8,2],"17":[10,10]},"_coverageSchema":"1a1c01bbd47fc00a2c39e90264f33305004495a9","hash":"c61381b313a5d65f2ca91d66033ada1714290c0c"}
}
