TN:
SF:srv\CDSService.js
FN:5,(anonymous_0)
FN:9,(anonymous_1)
FN:22,(anonymous_2)
FN:33,(anonymous_3)
FN:38,(anonymous_4)
FN:46,(anonymous_5)
FN:52,(anonymous_6)
FN:55,(anonymous_7)
FN:60,(anonymous_8)
FNF:9
FNH:1
FNDA:1,(anonymous_0)
FNDA:0,(anonymous_1)
FNDA:0,(anonymous_2)
FNDA:0,(anonymous_3)
FNDA:0,(anonymous_4)
FNDA:0,(anonymous_5)
FNDA:0,(anonymous_6)
FNDA:0,(anonymous_7)
FNDA:0,(anonymous_8)
DA:1,1
DA:2,1
DA:3,1
DA:5,1
DA:7,1
DA:9,1
DA:10,0
DA:22,1
DA:23,0
DA:24,0
DA:25,0
DA:27,0
DA:28,0
DA:30,0
DA:33,1
DA:35,0
DA:36,0
DA:38,0
DA:40,0
DA:45,0
DA:46,0
DA:47,0
DA:52,1
DA:53,0
DA:55,1
DA:56,0
DA:60,1
DA:61,0
DA:62,0
DA:63,0
DA:64,0
DA:67,1
LF:32
LH:12
BRDA:23,0,0,0
BRDA:23,0,1,0
BRDA:23,0,2,0
BRDA:23,0,3,0
BRDA:24,1,0,0
BRDA:24,1,1,0
BRDA:27,2,0,0
BRDA:27,2,1,0
BRDA:47,3,0,0
BRDA:47,3,1,0
BRF:10
BRH:0
end_of_record
TN:
SF:srv\CatalogService.js
FN:3,(anonymous_0)
FN:7,(anonymous_1)
FN:13,(anonymous_2)
FN:16,(anonymous_3)
FN:19,(anonymous_4)
FN:22,(anonymous_5)
FN:25,(anonymous_6)
FN:29,(anonymous_7)
FN:44,(anonymous_8)
FN:60,(anonymous_9)
FN:65,(anonymous_10)
FNF:11
FNH:4
FNDA:1,(anonymous_0)
FNDA:2,(anonymous_1)
FNDA:0,(anonymous_2)
FNDA:0,(anonymous_3)
FNDA:2,(anonymous_4)
FNDA:0,(anonymous_5)
FNDA:0,(anonymous_6)
FNDA:0,(anonymous_7)
FNDA:2,(anonymous_8)
FNDA:0,(anonymous_9)
FNDA:0,(anonymous_10)
DA:1,1
DA:3,1
DA:5,1
DA:7,1
DA:8,2
DA:9,2
DA:10,1
DA:13,1
DA:14,0
DA:16,1
DA:17,0
DA:19,1
DA:20,2
DA:22,1
DA:23,0
DA:25,1
DA:26,0
DA:29,1
DA:30,0
DA:31,0
DA:32,0
DA:33,0
DA:35,0
DA:40,0
DA:44,1
DA:45,2
DA:47,2
DA:50,2
DA:54,2
DA:56,0
DA:60,1
DA:61,0
DA:65,1
DA:66,0
DA:67,0
DA:70,1
LF:36
LH:22
BRDA:9,0,0,1
BRDA:9,0,1,1
BRF:2
BRH:2
end_of_record
TN:
SF:srv\MyService.js
FN:5,(anonymous_0)
FN:7,(anonymous_1)
FN:16,(anonymous_2)
FN:33,(anonymous_3)
FN:37,(anonymous_4)
FN:43,(anonymous_5)
FN:49,(anonymous_6)
FN:58,(anonymous_7)
FN:64,(anonymous_8)
FN:70,(anonymous_9)
FN:75,(anonymous_10)
FN:81,(anonymous_11)
FNF:12
FNH:1
FNDA:1,(anonymous_0)
FNDA:0,(anonymous_1)
FNDA:0,(anonymous_2)
FNDA:0,(anonymous_3)
FNDA:0,(anonymous_4)
FNDA:0,(anonymous_5)
FNDA:0,(anonymous_6)
FNDA:0,(anonymous_7)
FNDA:0,(anonymous_8)
FNDA:0,(anonymous_9)
FNDA:0,(anonymous_10)
FNDA:0,(anonymous_11)
DA:3,1
DA:5,1
DA:7,1
DA:8,0
DA:9,0
DA:11,0
DA:16,1
DA:18,0
DA:19,0
DA:21,0
DA:25,0
DA:26,0
DA:28,0
DA:33,1
DA:34,0
DA:35,0
DA:38,0
DA:39,0
DA:41,0
DA:44,0
DA:46,0
DA:49,1
DA:50,0
DA:51,0
DA:59,0
DA:60,0
DA:62,0
DA:65,0
DA:67,0
DA:70,1
DA:71,0
DA:72,0
DA:73,0
DA:76,0
DA:77,0
DA:79,0
DA:82,0
DA:85,0
DA:88,1
LF:39
LH:8
BRDA:38,0,0,0
BRDA:38,0,1,0
BRDA:59,1,0,0
BRDA:59,1,1,0
BRDA:76,2,0,0
BRDA:76,2,1,0
BRF:6
BRH:0
end_of_record
TN:
SF:utils\error-mapper.js
FN:15,toStatus
FN:21,extractMessage
FN:31,mapError
FNF:3
FNH:3
FNDA:8,toStatus
FNDA:6,extractMessage
FNDA:5,mapError
DA:11,2
DA:12,2
DA:16,8
DA:17,8
DA:22,6
DA:23,4
DA:24,2
DA:25,0
DA:32,5
DA:33,1
DA:35,4
DA:36,1
DA:40,3
DA:42,3
DA:47,3
DA:48,3
DA:51,2
LF:17
LH:16
BRDA:17,0,0,4
BRDA:17,0,1,4
BRDA:17,1,0,8
BRDA:17,1,1,5
BRDA:17,1,2,4
BRDA:22,2,0,2
BRDA:22,2,1,4
BRDA:23,3,0,2
BRDA:23,3,1,2
BRDA:24,4,0,2
BRDA:24,4,1,0
BRDA:32,5,0,1
BRDA:32,5,1,4
BRDA:35,6,0,1
BRDA:35,6,1,3
BRDA:40,7,0,1
BRDA:40,7,1,2
BRDA:40,8,0,3
BRDA:40,8,1,1
BRDA:43,9,0,2
BRDA:43,9,1,1
BRDA:45,10,0,2
BRDA:45,10,1,1
BRDA:47,11,0,1
BRDA:47,11,1,2
BRF:25
BRH:24
end_of_record
TN:
SF:utils\payload-transformer.js
FN:16,isControlKey
FN:17,(anonymous_1)
FN:20,isPlainObject
FN:29,extractRows
FN:44,flattenRecord
FN:58,(anonymous_5)
FN:70,flattenPayload
FN:71,(anonymous_7)
FN:78,project
FN:80,(anonymous_9)
FNF:10
FNH:10
FNDA:27,isControlKey
FNDA:71,(anonymous_1)
FNDA:44,isPlainObject
FNDA:7,extractRows
FNDA:15,flattenRecord
FNDA:2,(anonymous_5)
FNDA:1,flattenPayload
FNDA:2,(anonymous_7)
FNDA:3,project
FNDA:6,(anonymous_9)
DA:14,2
DA:17,71
DA:21,44
DA:30,7
DA:31,6
DA:32,4
DA:33,2
DA:34,1
DA:36,2
DA:45,15
DA:46,15
DA:48,13
DA:49,13
DA:50,22
DA:52,18
DA:53,5
DA:54,5
DA:55,6
DA:57,13
DA:58,2
DA:60,12
DA:63,13
DA:71,2
DA:79,3
DA:80,3
DA:81,6
DA:82,6
DA:83,10
DA:85,6
DA:89,2
LF:30
LH:30
BRDA:21,0,0,44
BRDA:21,0,1,42
BRDA:21,0,2,26
BRDA:30,1,0,1
BRDA:30,1,1,6
BRDA:31,2,0,4
BRDA:31,2,1,2
BRDA:32,3,0,2
BRDA:32,3,1,2
BRDA:33,4,0,1
BRDA:33,4,1,1
BRDA:33,5,0,2
BRDA:33,5,1,1
BRDA:44,6,0,5
BRDA:45,7,0,7
BRDA:45,8,0,8
BRDA:46,9,0,2
BRDA:46,9,1,13
BRDA:50,10,0,4
BRDA:50,10,1,18
BRDA:50,11,0,22
BRDA:50,11,1,22
BRDA:52,12,0,5
BRDA:52,12,1,13
BRDA:57,13,0,1
BRDA:57,13,1,12
BRDA:70,14,0,1
BRDA:79,15,0,2
BRDA:79,15,1,1
BRDA:83,16,0,8
BRDA:83,16,1,2
BRDA:83,17,0,10
BRDA:83,17,1,10
BRF:33
BRH:33
end_of_record
